d:\visualstudioproject\cpp_server\libraries\libs\servercore\debug\servercore.pdb
d:\visualstudioproject\cpp_server\libraries\libs\servercore\debug\servercore.idb
d:\visualstudioproject\cpp_server\servercore\x64\debug\servercore.pch
d:\visualstudioproject\cpp_server\servercore\x64\debug\pch.obj
d:\visualstudioproject\cpp_server\servercore\x64\debug\refcounting.obj
d:\visualstudioproject\cpp_server\servercore\x64\debug\recvbuffer.obj
d:\visualstudioproject\cpp_server\servercore\x64\debug\netaddress.obj
d:\visualstudioproject\cpp_server\servercore\x64\debug\memorypool.obj
d:\visualstudioproject\cpp_server\servercore\x64\debug\memory.obj
d:\visualstudioproject\cpp_server\servercore\x64\debug\lockqueue.obj
d:\visualstudioproject\cpp_server\servercore\x64\debug\lock.obj
d:\visualstudioproject\cpp_server\servercore\x64\debug\listener.obj
d:\visualstudioproject\cpp_server\servercore\x64\debug\jobqueue.obj
d:\visualstudioproject\cpp_server\servercore\x64\debug\job.obj
d:\visualstudioproject\cpp_server\servercore\x64\debug\iocpevent.obj
d:\visualstudioproject\cpp_server\servercore\x64\debug\iocpcore.obj
d:\visualstudioproject\cpp_server\servercore\x64\debug\globalqueue.obj
d:\visualstudioproject\cpp_server\servercore\x64\debug\deadlockprofiler.obj
d:\visualstudioproject\cpp_server\servercore\x64\debug\coretls.obj
d:\visualstudioproject\cpp_server\servercore\x64\debug\corepch.obj
d:\visualstudioproject\cpp_server\servercore\x64\debug\coreglobal.obj
d:\visualstudioproject\cpp_server\servercore\x64\debug\bufferwriter.obj
d:\visualstudioproject\cpp_server\servercore\x64\debug\bufferreader.obj
d:\visualstudioproject\cpp_server\servercore\x64\debug\allocator.obj
d:\visualstudioproject\cpp_server\servercore\x64\debug\threadmanager.obj
d:\visualstudioproject\cpp_server\servercore\x64\debug\socketutils.obj
d:\visualstudioproject\cpp_server\servercore\x64\debug\session.obj
d:\visualstudioproject\cpp_server\servercore\x64\debug\service.obj
d:\visualstudioproject\cpp_server\servercore\x64\debug\sendbuffer.obj
d:\visualstudioproject\cpp_server\libraries\libs\servercore\debug\servercore.lib
e:\github\camp2022_bluebird\src\servercore\x64\debug\allocator.obj
e:\github\camp2022_bluebird\src\servercore\x64\debug\bufferreader.obj
e:\github\camp2022_bluebird\src\servercore\x64\debug\bufferwriter.obj
e:\github\camp2022_bluebird\src\servercore\x64\debug\coreglobal.obj
e:\github\camp2022_bluebird\src\servercore\x64\debug\corepch.obj
e:\github\camp2022_bluebird\src\servercore\x64\debug\coretls.obj
e:\github\camp2022_bluebird\src\servercore\x64\debug\deadlockprofiler.obj
e:\github\camp2022_bluebird\src\servercore\x64\debug\globalqueue.obj
e:\github\camp2022_bluebird\src\servercore\x64\debug\iocpcore.obj
e:\github\camp2022_bluebird\src\servercore\x64\debug\iocpevent.obj
e:\github\camp2022_bluebird\src\servercore\x64\debug\job.obj
e:\github\camp2022_bluebird\src\servercore\x64\debug\jobqueue.obj
e:\github\camp2022_bluebird\src\servercore\x64\debug\listener.obj
e:\github\camp2022_bluebird\src\servercore\x64\debug\lock.obj
e:\github\camp2022_bluebird\src\servercore\x64\debug\lockqueue.obj
e:\github\camp2022_bluebird\src\servercore\x64\debug\memory.obj
e:\github\camp2022_bluebird\src\servercore\x64\debug\memorypool.obj
e:\github\camp2022_bluebird\src\servercore\x64\debug\netaddress.obj
e:\github\camp2022_bluebird\src\servercore\x64\debug\pch.obj
e:\github\camp2022_bluebird\src\servercore\x64\debug\recvbuffer.obj
e:\github\camp2022_bluebird\src\servercore\x64\debug\refcounting.obj
e:\github\camp2022_bluebird\src\servercore\x64\debug\sendbuffer.obj
e:\github\camp2022_bluebird\src\servercore\x64\debug\service.obj
e:\github\camp2022_bluebird\src\servercore\x64\debug\session.obj
e:\github\camp2022_bluebird\src\servercore\x64\debug\socketutils.obj
e:\github\camp2022_bluebird\src\servercore\x64\debug\threadmanager.obj
e:\github\camp2022_bluebird\src\servercore\x64\debug\servercore.pch
e:\github\camp2022_bluebird\src\servermatch\..\libraries\libs\servercore\debug\servercore.pdb
e:\github\camp2022_bluebird\src\libraries\libs\servercore\debug\servercore.lib
e:\github\camp2022_bluebird\src\servercore\x64\debug\servercore.tlog\cl.command.1.tlog
e:\github\camp2022_bluebird\src\servercore\x64\debug\servercore.tlog\cl.read.1.tlog
e:\github\camp2022_bluebird\src\servercore\x64\debug\servercore.tlog\cl.write.1.tlog
e:\github\camp2022_bluebird\src\servercore\x64\debug\servercore.tlog\lib-link.read.1.tlog
e:\github\camp2022_bluebird\src\servercore\x64\debug\servercore.tlog\lib-link.write.1.tlog
e:\github\camp2022_bluebird\src\servercore\x64\debug\servercore.tlog\lib.command.1.tlog
